<?xml version="1.0" encoding="UTF-8"?>
<coverage generated="1687217051535" clover="3.2.0">
  <project timestamp="1687217051535" name="All files">
    <metrics statements="173" coveredstatements="164" conditionals="32" coveredconditionals="30" methods="59" coveredmethods="55" elements="264" coveredelements="249" complexity="0" loc="173" ncloc="173" packages="5" files="12" classes="12"/>
    <package name="src">
      <metrics statements="1" coveredstatements="1" conditionals="0" coveredconditionals="0" methods="1" coveredmethods="1"/>
      <file name="App.js" path="/Users/lucasalves/Documents/Trybe/Projetos Front-end/sd-031-a-project-trybewallet/src/App.js">
        <metrics statements="1" coveredstatements="1" conditionals="0" coveredconditionals="0" methods="1" coveredmethods="1"/>
        <line num="13" count="8" type="stmt"/>
      </file>
    </package>
    <package name="src.components">
      <metrics statements="111" coveredstatements="104" conditionals="16" coveredconditionals="15" methods="37" coveredmethods="35"/>
      <file name="AddExpenseForm.js" path="/Users/lucasalves/Documents/Trybe/Projetos Front-end/sd-031-a-project-trybewallet/src/components/AddExpenseForm.js">
        <metrics statements="29" coveredstatements="29" conditionals="4" coveredconditionals="4" methods="9" coveredmethods="9"/>
        <line num="7" count="10" type="stmt"/>
        <line num="17" count="10" type="stmt"/>
        <line num="18" count="10" type="stmt"/>
        <line num="21" count="10" type="stmt"/>
        <line num="22" count="20" type="stmt"/>
        <line num="24" count="20" type="stmt"/>
        <line num="29" count="10" type="stmt"/>
        <line num="30" count="2" type="stmt"/>
        <line num="31" count="2" type="stmt"/>
        <line num="33" count="2" type="stmt"/>
        <line num="36" count="10" type="stmt"/>
        <line num="37" count="2" type="stmt"/>
        <line num="39" count="2" type="stmt"/>
        <line num="43" count="2" type="stmt"/>
        <line num="45" count="2" type="stmt"/>
        <line num="57" count="2" type="stmt"/>
        <line num="67" count="10" type="stmt"/>
        <line num="68" count="37" type="stmt"/>
        <line num="69" count="37" type="stmt"/>
        <line num="70" count="37" type="stmt"/>
        <line num="71" count="37" type="stmt"/>
        <line num="73" count="37" type="cond" truecount="2" falsecount="0"/>
        <line num="77" count="37" type="stmt"/>
        <line num="78" count="37" type="stmt"/>
        <line num="80" count="37" type="stmt"/>
        <line num="119" count="105" type="stmt"/>
        <line num="160" count="2" type="stmt"/>
        <line num="170" count="18" type="stmt"/>
        <line num="175" count="4" type="stmt"/>
      </file>
      <file name="EditExpenseForm.js" path="/Users/lucasalves/Documents/Trybe/Projetos Front-end/sd-031-a-project-trybewallet/src/components/EditExpenseForm.js">
        <metrics statements="29" coveredstatements="29" conditionals="4" coveredconditionals="4" methods="10" coveredmethods="10"/>
        <line num="7" count="2" type="stmt"/>
        <line num="18" count="2" type="stmt"/>
        <line num="20" count="2" type="stmt"/>
        <line num="31" count="2" type="stmt"/>
        <line num="32" count="13" type="stmt"/>
        <line num="34" count="13" type="stmt"/>
        <line num="39" count="2" type="stmt"/>
        <line num="40" count="1" type="stmt"/>
        <line num="42" count="1" type="stmt"/>
        <line num="43" count="1" type="stmt"/>
        <line num="45" count="1" type="stmt"/>
        <line num="46" count="2" type="cond" truecount="2" falsecount="0"/>
        <line num="47" count="1" type="stmt"/>
        <line num="49" count="1" type="stmt"/>
        <line num="52" count="1" type="stmt"/>
        <line num="55" count="2" type="stmt"/>
        <line num="56" count="17" type="stmt"/>
        <line num="57" count="17" type="stmt"/>
        <line num="58" count="17" type="stmt"/>
        <line num="59" count="17" type="stmt"/>
        <line num="60" count="17" type="cond" truecount="2" falsecount="0"/>
        <line num="64" count="17" type="stmt"/>
        <line num="65" count="17" type="stmt"/>
        <line num="67" count="240" type="stmt"/>
        <line num="69" count="17" type="stmt"/>
        <line num="107" count="225" type="stmt"/>
        <line num="147" count="1" type="stmt"/>
        <line num="157" count="4" type="stmt"/>
        <line num="164" count="4" type="stmt"/>
      </file>
      <file name="Header.js" path="/Users/lucasalves/Documents/Trybe/Projetos Front-end/sd-031-a-project-trybewallet/src/components/Header.js">
        <metrics statements="26" coveredstatements="24" conditionals="4" coveredconditionals="3" methods="7" coveredmethods="7"/>
        <line num="6" count="6" type="stmt"/>
        <line num="11" count="4" type="stmt"/>
        <line num="12" count="4" type="cond" truecount="2" falsecount="0"/>
        <line num="13" count="2" type="stmt"/>
        <line num="17" count="6" type="stmt"/>
        <line num="18" count="2" type="stmt"/>
        <line num="19" count="2" type="stmt"/>
        <line num="21" count="2" type="cond" truecount="1" falsecount="1"/>
        <line num="23" count="0" type="stmt"/>
        <line num="24" count="0" type="stmt"/>
        <line num="27" count="2" type="stmt"/>
        <line num="28" count="3" type="stmt"/>
        <line num="29" count="3" type="stmt"/>
        <line num="30" count="3" type="stmt"/>
        <line num="33" count="2" type="stmt"/>
        <line num="35" count="2" type="stmt"/>
        <line num="36" count="3" type="stmt"/>
        <line num="37" count="3" type="stmt"/>
        <line num="38" count="3" type="stmt"/>
        <line num="41" count="2" type="stmt"/>
        <line num="43" count="2" type="stmt"/>
        <line num="47" count="10" type="stmt"/>
        <line num="48" count="10" type="stmt"/>
        <line num="50" count="10" type="stmt"/>
        <line num="70" count="13" type="stmt"/>
        <line num="75" count="3" type="stmt"/>
      </file>
      <file name="Table.js" path="/Users/lucasalves/Documents/Trybe/Projetos Front-end/sd-031-a-project-trybewallet/src/components/Table.js">
        <metrics statements="23" coveredstatements="18" conditionals="2" coveredconditionals="2" methods="9" coveredmethods="7"/>
        <line num="9" count="9" type="stmt"/>
        <line num="10" count="8" type="stmt"/>
        <line num="11" count="8" type="stmt"/>
        <line num="14" count="9" type="stmt"/>
        <line num="15" count="16" type="stmt"/>
        <line num="16" count="16" type="stmt"/>
        <line num="19" count="9" type="stmt"/>
        <line num="20" count="0" type="stmt"/>
        <line num="22" count="0" type="stmt"/>
        <line num="23" count="0" type="stmt"/>
        <line num="25" count="0" type="stmt"/>
        <line num="28" count="9" type="stmt"/>
        <line num="29" count="2" type="stmt"/>
        <line num="31" count="2" type="stmt"/>
        <line num="32" count="2" type="stmt"/>
        <line num="34" count="2" type="stmt"/>
        <line num="38" count="12" type="stmt"/>
        <line num="40" count="12" type="stmt"/>
        <line num="57" count="8" type="stmt"/>
        <line num="74" count="2" type="stmt"/>
        <line num="82" count="0" type="stmt"/>
        <line num="98" count="20" type="stmt"/>
        <line num="102" count="4" type="stmt"/>
      </file>
      <file name="WalletForm.js" path="/Users/lucasalves/Documents/Trybe/Projetos Front-end/sd-031-a-project-trybewallet/src/components/WalletForm.js">
        <metrics statements="4" coveredstatements="4" conditionals="2" coveredconditionals="2" methods="2" coveredmethods="2"/>
        <line num="10" count="18" type="stmt"/>
        <line num="12" count="18" type="stmt"/>
        <line num="21" count="20" type="stmt"/>
        <line num="26" count="4" type="stmt"/>
      </file>
    </package>
    <package name="src.pages">
      <metrics statements="24" coveredstatements="24" conditionals="6" coveredconditionals="6" methods="6" coveredmethods="6"/>
      <file name="Login.js" path="/Users/lucasalves/Documents/Trybe/Projetos Front-end/sd-031-a-project-trybewallet/src/pages/Login.js">
        <metrics statements="23" coveredstatements="23" conditionals="6" coveredconditionals="6" methods="5" coveredmethods="5"/>
        <line num="8" count="3" type="stmt"/>
        <line num="13" count="3" type="stmt"/>
        <line num="15" count="30" type="stmt"/>
        <line num="18" count="30" type="stmt"/>
        <line num="20" count="30" type="cond" truecount="2" falsecount="0"/>
        <line num="21" count="4" type="stmt"/>
        <line num="26" count="30" type="stmt"/>
        <line num="29" count="3" type="stmt"/>
        <line num="30" count="12" type="stmt"/>
        <line num="33" count="12" type="stmt"/>
        <line num="35" count="12" type="cond" truecount="2" falsecount="0"/>
        <line num="36" count="2" type="stmt"/>
        <line num="41" count="12" type="stmt"/>
        <line num="44" count="3" type="stmt"/>
        <line num="45" count="87" type="stmt"/>
        <line num="46" count="87" type="stmt"/>
        <line num="47" count="87" type="stmt"/>
        <line num="49" count="87" type="cond" truecount="2" falsecount="0"/>
        <line num="53" count="45" type="stmt"/>
        <line num="54" count="45" type="stmt"/>
        <line num="56" count="45" type="stmt"/>
        <line num="80" count="1" type="stmt"/>
        <line num="90" count="3" type="stmt"/>
      </file>
      <file name="Wallet.js" path="/Users/lucasalves/Documents/Trybe/Projetos Front-end/sd-031-a-project-trybewallet/src/pages/Wallet.js">
        <metrics statements="1" coveredstatements="1" conditionals="0" coveredconditionals="0" methods="1" coveredmethods="1"/>
        <line num="8" count="6" type="stmt"/>
      </file>
    </package>
    <package name="src.redux.actions">
      <metrics statements="20" coveredstatements="20" conditionals="0" coveredconditionals="0" methods="11" coveredmethods="10"/>
      <file name="index.js" path="/Users/lucasalves/Documents/Trybe/Projetos Front-end/sd-031-a-project-trybewallet/src/redux/actions/index.js">
        <metrics statements="20" coveredstatements="20" conditionals="0" coveredconditionals="0" methods="11" coveredmethods="10"/>
        <line num="2" count="4" type="stmt"/>
        <line num="3" count="4" type="stmt"/>
        <line num="4" count="4" type="stmt"/>
        <line num="5" count="4" type="stmt"/>
        <line num="6" count="4" type="stmt"/>
        <line num="8" count="4" type="stmt"/>
        <line num="10" count="4" type="stmt"/>
        <line num="11" count="4" type="stmt"/>
        <line num="13" count="4" type="stmt"/>
        <line num="23" count="10" type="stmt"/>
        <line num="27" count="6" type="stmt"/>
        <line num="32" count="4" type="stmt"/>
        <line num="43" count="10" type="stmt"/>
        <line num="44" count="10" type="stmt"/>
        <line num="45" count="10" type="stmt"/>
        <line num="46" count="6" type="stmt"/>
        <line num="47" count="6" type="stmt"/>
        <line num="67" count="4" type="stmt"/>
        <line num="72" count="4" type="stmt"/>
        <line num="77" count="4" type="stmt"/>
      </file>
    </package>
    <package name="src.redux.reducers">
      <metrics statements="17" coveredstatements="15" conditionals="10" coveredconditionals="9" methods="4" coveredmethods="3"/>
      <file name="index.js" path="/Users/lucasalves/Documents/Trybe/Projetos Front-end/sd-031-a-project-trybewallet/src/redux/reducers/index.js">
        <metrics statements="1" coveredstatements="1" conditionals="0" coveredconditionals="0" methods="0" coveredmethods="0"/>
        <line num="10" count="4" type="stmt"/>
      </file>
      <file name="user.js" path="/Users/lucasalves/Documents/Trybe/Projetos Front-end/sd-031-a-project-trybewallet/src/redux/reducers/user.js">
        <metrics statements="5" coveredstatements="5" conditionals="3" coveredconditionals="3" methods="1" coveredmethods="1"/>
        <line num="5" count="4" type="stmt"/>
        <line num="9" count="4" type="cond" truecount="1" falsecount="0"/>
        <line num="10" count="41" type="cond" truecount="2" falsecount="0"/>
        <line num="12" count="1" type="stmt"/>
        <line num="16" count="40" type="stmt"/>
      </file>
      <file name="wallet.js" path="/Users/lucasalves/Documents/Trybe/Projetos Front-end/sd-031-a-project-trybewallet/src/redux/reducers/wallet.js">
        <metrics statements="11" coveredstatements="9" conditionals="7" coveredconditionals="6" methods="3" coveredmethods="2"/>
        <line num="7" count="4" type="stmt"/>
        <line num="14" count="4" type="cond" truecount="1" falsecount="0"/>
        <line num="15" count="41" type="cond" truecount="5" falsecount="1"/>
        <line num="17" count="6" type="stmt"/>
        <line num="19" count="96" type="stmt"/>
        <line num="23" count="2" type="stmt"/>
        <line num="31" count="0" type="stmt"/>
        <line num="33" count="0" type="stmt"/>
        <line num="36" count="2" type="stmt"/>
        <line num="42" count="1" type="stmt"/>
        <line num="48" count="30" type="stmt"/>
      </file>
    </package>
  </project>
</coverage>
