{"total": {"lines":{"total":173,"covered":164,"skipped":0,"pct":94.79},"statements":{"total":187,"covered":177,"skipped":0,"pct":94.65},"functions":{"total":59,"covered":55,"skipped":0,"pct":93.22},"branches":{"total":32,"covered":30,"skipped":0,"pct":93.75},"branchesTrue":{"total":0,"covered":0,"skipped":0,"pct":100}}
,"/Users/lucasalves/Documents/Trybe/Projetos Front-end/sd-031-a-project-trybewallet/src/App.js": {"lines":{"total":1,"covered":1,"skipped":0,"pct":100},"functions":{"total":1,"covered":1,"skipped":0,"pct":100},"statements":{"total":1,"covered":1,"skipped":0,"pct":100},"branches":{"total":0,"covered":0,"skipped":0,"pct":100}}
,"/Users/lucasalves/Documents/Trybe/Projetos Front-end/sd-031-a-project-trybewallet/src/components/AddExpenseForm.js": {"lines":{"total":29,"covered":29,"skipped":0,"pct":100},"functions":{"total":9,"covered":9,"skipped":0,"pct":100},"statements":{"total":30,"covered":30,"skipped":0,"pct":100},"branches":{"total":4,"covered":4,"skipped":0,"pct":100}}
,"/Users/lucasalves/Documents/Trybe/Projetos Front-end/sd-031-a-project-trybewallet/src/components/EditExpenseForm.js": {"lines":{"total":29,"covered":29,"skipped":0,"pct":100},"functions":{"total":10,"covered":10,"skipped":0,"pct":100},"statements":{"total":31,"covered":31,"skipped":0,"pct":100},"branches":{"total":4,"covered":4,"skipped":0,"pct":100}}
,"/Users/lucasalves/Documents/Trybe/Projetos Front-end/sd-031-a-project-trybewallet/src/components/Header.js": {"lines":{"total":26,"covered":24,"skipped":0,"pct":92.3},"functions":{"total":7,"covered":7,"skipped":0,"pct":100},"statements":{"total":28,"covered":26,"skipped":0,"pct":92.85},"branches":{"total":4,"covered":3,"skipped":0,"pct":75}}
,"/Users/lucasalves/Documents/Trybe/Projetos Front-end/sd-031-a-project-trybewallet/src/components/Table.js": {"lines":{"total":23,"covered":18,"skipped":0,"pct":78.26},"functions":{"total":9,"covered":7,"skipped":0,"pct":77.77},"statements":{"total":24,"covered":19,"skipped":0,"pct":79.16},"branches":{"total":2,"covered":2,"skipped":0,"pct":100}}
,"/Users/lucasalves/Documents/Trybe/Projetos Front-end/sd-031-a-project-trybewallet/src/components/WalletForm.js": {"lines":{"total":4,"covered":4,"skipped":0,"pct":100},"functions":{"total":2,"covered":2,"skipped":0,"pct":100},"statements":{"total":5,"covered":5,"skipped":0,"pct":100},"branches":{"total":2,"covered":2,"skipped":0,"pct":100}}
,"/Users/lucasalves/Documents/Trybe/Projetos Front-end/sd-031-a-project-trybewallet/src/pages/Login.js": {"lines":{"total":23,"covered":23,"skipped":0,"pct":100},"functions":{"total":5,"covered":5,"skipped":0,"pct":100},"statements":{"total":23,"covered":23,"skipped":0,"pct":100},"branches":{"total":6,"covered":6,"skipped":0,"pct":100}}
,"/Users/lucasalves/Documents/Trybe/Projetos Front-end/sd-031-a-project-trybewallet/src/pages/Wallet.js": {"lines":{"total":1,"covered":1,"skipped":0,"pct":100},"functions":{"total":1,"covered":1,"skipped":0,"pct":100},"statements":{"total":1,"covered":1,"skipped":0,"pct":100},"branches":{"total":0,"covered":0,"skipped":0,"pct":100}}
,"/Users/lucasalves/Documents/Trybe/Projetos Front-end/sd-031-a-project-trybewallet/src/redux/actions/index.js": {"lines":{"total":20,"covered":20,"skipped":0,"pct":100},"functions":{"total":11,"covered":10,"skipped":0,"pct":90.9},"statements":{"total":27,"covered":26,"skipped":0,"pct":96.29},"branches":{"total":0,"covered":0,"skipped":0,"pct":100}}
,"/Users/lucasalves/Documents/Trybe/Projetos Front-end/sd-031-a-project-trybewallet/src/redux/reducers/index.js": {"lines":{"total":1,"covered":1,"skipped":0,"pct":100},"functions":{"total":0,"covered":0,"skipped":0,"pct":100},"statements":{"total":1,"covered":1,"skipped":0,"pct":100},"branches":{"total":0,"covered":0,"skipped":0,"pct":100}}
,"/Users/lucasalves/Documents/Trybe/Projetos Front-end/sd-031-a-project-trybewallet/src/redux/reducers/user.js": {"lines":{"total":5,"covered":5,"skipped":0,"pct":100},"functions":{"total":1,"covered":1,"skipped":0,"pct":100},"statements":{"total":5,"covered":5,"skipped":0,"pct":100},"branches":{"total":3,"covered":3,"skipped":0,"pct":100}}
,"/Users/lucasalves/Documents/Trybe/Projetos Front-end/sd-031-a-project-trybewallet/src/redux/reducers/wallet.js": {"lines":{"total":11,"covered":9,"skipped":0,"pct":81.81},"functions":{"total":3,"covered":2,"skipped":0,"pct":66.66},"statements":{"total":11,"covered":9,"skipped":0,"pct":81.81},"branches":{"total":7,"covered":6,"skipped":0,"pct":85.71}}
}
