{"/Users/lucasalves/Documents/Trybe/Projetos Front-end/sd-031-a-project-trybewallet/src/App.js": {"path":"/Users/lucasalves/Documents/Trybe/Projetos Front-end/sd-031-a-project-trybewallet/src/App.js","statementMap":{"0":{"start":{"line":13,"column":4},"end":{"line":18,"column":6}}},"fnMap":{"0":{"name":"(anonymous_0)","decl":{"start":{"line":12,"column":2},"end":{"line":12,"column":3}},"loc":{"start":{"line":12,"column":11},"end":{"line":19,"column":3}},"line":12}},"branchMap":{},"s":{"0":8},"f":{"0":8},"b":{},"_coverageSchema":"1a1c01bbd47fc00a2c39e90264f33305004495a9","hash":"c3668ee15d1ee22456cb1065f74b9716ea0d4a80"}
,"/Users/lucasalves/Documents/Trybe/Projetos Front-end/sd-031-a-project-trybewallet/src/components/AddExpenseForm.js": {"path":"/Users/lucasalves/Documents/Trybe/Projetos Front-end/sd-031-a-project-trybewallet/src/components/AddExpenseForm.js","statementMap":{"0":{"start":{"line":7,"column":10},"end":{"line":14,"column":3}},"1":{"start":{"line":17,"column":25},"end":{"line":17,"column":35}},"2":{"start":{"line":18,"column":4},"end":{"line":18,"column":32}},"3":{"start":{"line":21,"column":17},"end":{"line":27,"column":3}},"4":{"start":{"line":22,"column":28},"end":{"line":22,"column":34}},"5":{"start":{"line":24,"column":4},"end":{"line":26,"column":7}},"6":{"start":{"line":29,"column":23},"end":{"line":34,"column":3}},"7":{"start":{"line":30,"column":21},"end":{"line":30,"column":79}},"8":{"start":{"line":31,"column":17},"end":{"line":31,"column":38}},"9":{"start":{"line":33,"column":4},"end":{"line":33,"column":16}},"10":{"start":{"line":36,"column":17},"end":{"line":65,"column":3}},"11":{"start":{"line":37,"column":4},"end":{"line":37,"column":27}},"12":{"start":{"line":39,"column":30},"end":{"line":39,"column":61}},"13":{"start":{"line":43,"column":8},"end":{"line":43,"column":18}},"14":{"start":{"line":45,"column":4},"end":{"line":55,"column":7}},"15":{"start":{"line":57,"column":4},"end":{"line":64,"column":7}},"16":{"start":{"line":67,"column":18},"end":{"line":74,"column":3}},"17":{"start":{"line":68,"column":35},"end":{"line":68,"column":45}},"18":{"start":{"line":69,"column":24},"end":{"line":69,"column":39}},"19":{"start":{"line":70,"column":25},"end":{"line":70,"column":48}},"20":{"start":{"line":71,"column":31},"end":{"line":71,"column":53}},"21":{"start":{"line":73,"column":4},"end":{"line":73,"column":49}},"22":{"start":{"line":77,"column":37},"end":{"line":77,"column":47}},"23":{"start":{"line":78,"column":58},"end":{"line":78,"column":68}},"24":{"start":{"line":80,"column":4},"end":{"line":166,"column":6}},"25":{"start":{"line":119,"column":18},"end":{"line":119,"column":54}},"26":{"start":{"line":160,"column":31},"end":{"line":160,"column":65}},"27":{"start":{"line":170,"column":24},"end":{"line":173,"column":2}},"28":{"start":{"line":170,"column":36},"end":{"line":173,"column":1}},"29":{"start":{"line":175,"column":0},"end":{"line":178,"column":13}}},"fnMap":{"0":{"name":"(anonymous_0)","decl":{"start":{"line":16,"column":2},"end":{"line":16,"column":3}},"loc":{"start":{"line":16,"column":22},"end":{"line":19,"column":3}},"line":16},"1":{"name":"(anonymous_1)","decl":{"start":{"line":21,"column":17},"end":{"line":21,"column":18}},"loc":{"start":{"line":21,"column":33},"end":{"line":27,"column":3}},"line":21},"2":{"name":"(anonymous_2)","decl":{"start":{"line":29,"column":23},"end":{"line":29,"column":24}},"loc":{"start":{"line":29,"column":35},"end":{"line":34,"column":3}},"line":29},"3":{"name":"(anonymous_3)","decl":{"start":{"line":36,"column":17},"end":{"line":36,"column":18}},"loc":{"start":{"line":36,"column":44},"end":{"line":65,"column":3}},"line":36},"4":{"name":"(anonymous_4)","decl":{"start":{"line":67,"column":18},"end":{"line":67,"column":19}},"loc":{"start":{"line":67,"column":24},"end":{"line":74,"column":3}},"line":67},"5":{"name":"(anonymous_5)","decl":{"start":{"line":76,"column":2},"end":{"line":76,"column":3}},"loc":{"start":{"line":76,"column":11},"end":{"line":167,"column":3}},"line":76},"6":{"name":"(anonymous_6)","decl":{"start":{"line":118,"column":31},"end":{"line":118,"column":32}},"loc":{"start":{"line":119,"column":18},"end":{"line":119,"column":54}},"line":119},"7":{"name":"(anonymous_7)","decl":{"start":{"line":160,"column":20},"end":{"line":160,"column":21}},"loc":{"start":{"line":160,"column":31},"end":{"line":160,"column":65}},"line":160},"8":{"name":"(anonymous_8)","decl":{"start":{"line":170,"column":24},"end":{"line":170,"column":25}},"loc":{"start":{"line":170,"column":36},"end":{"line":173,"column":1}},"line":170}},"branchMap":{"0":{"loc":{"start":{"line":73,"column":13},"end":{"line":73,"column":47}},"type":"binary-expr","locations":[{"start":{"line":73,"column":13},"end":{"line":73,"column":25}},{"start":{"line":73,"column":29},"end":{"line":73,"column":47}}],"line":73},"1":{"loc":{"start":{"line":116,"column":14},"end":{"line":122,"column":56}},"type":"cond-expr","locations":[{"start":{"line":118,"column":16},"end":{"line":120,"column":18}},{"start":{"line":122,"column":16},"end":{"line":122,"column":56}}],"line":116}},"s":{"0":10,"1":10,"2":10,"3":10,"4":20,"5":20,"6":10,"7":2,"8":2,"9":2,"10":10,"11":2,"12":2,"13":2,"14":2,"15":2,"16":10,"17":37,"18":37,"19":37,"20":37,"21":37,"22":37,"23":37,"24":37,"25":105,"26":2,"27":4,"28":18,"29":4},"f":{"0":10,"1":20,"2":2,"3":2,"4":37,"5":37,"6":105,"7":2,"8":18},"b":{"0":[37,22],"1":[7,30]},"_coverageSchema":"1a1c01bbd47fc00a2c39e90264f33305004495a9","hash":"1946b264a465368d376845a5be6cdd3b254feee1"}
,"/Users/lucasalves/Documents/Trybe/Projetos Front-end/sd-031-a-project-trybewallet/src/components/EditExpenseForm.js": {"path":"/Users/lucasalves/Documents/Trybe/Projetos Front-end/sd-031-a-project-trybewallet/src/components/EditExpenseForm.js","statementMap":{"0":{"start":{"line":7,"column":10},"end":{"line":15,"column":3}},"1":{"start":{"line":18,"column":28},"end":{"line":18,"column":38}},"2":{"start":{"line":20,"column":4},"end":{"line":28,"column":7}},"3":{"start":{"line":31,"column":17},"end":{"line":37,"column":3}},"4":{"start":{"line":32,"column":28},"end":{"line":32,"column":34}},"5":{"start":{"line":34,"column":4},"end":{"line":36,"column":7}},"6":{"start":{"line":39,"column":17},"end":{"line":53,"column":3}},"7":{"start":{"line":40,"column":4},"end":{"line":40,"column":27}},"8":{"start":{"line":42,"column":25},"end":{"line":42,"column":35}},"9":{"start":{"line":43,"column":26},"end":{"line":43,"column":36}},"10":{"start":{"line":45,"column":24},"end":{"line":50,"column":6}},"11":{"start":{"line":46,"column":6},"end":{"line":48,"column":7}},"12":{"start":{"line":47,"column":8},"end":{"line":47,"column":29}},"13":{"start":{"line":49,"column":6},"end":{"line":49,"column":21}},"14":{"start":{"line":52,"column":4},"end":{"line":52,"column":40}},"15":{"start":{"line":55,"column":18},"end":{"line":61,"column":3}},"16":{"start":{"line":56,"column":35},"end":{"line":56,"column":45}},"17":{"start":{"line":57,"column":24},"end":{"line":57,"column":39}},"18":{"start":{"line":58,"column":25},"end":{"line":58,"column":48}},"19":{"start":{"line":59,"column":31},"end":{"line":59,"column":53}},"20":{"start":{"line":60,"column":4},"end":{"line":60,"column":49}},"21":{"start":{"line":64,"column":25},"end":{"line":64,"column":35}},"22":{"start":{"line":65,"column":73},"end":{"line":65,"column":83}},"23":{"start":{"line":67,"column":26},"end":{"line":67,"column":80}},"24":{"start":{"line":67,"column":67},"end":{"line":67,"column":79}},"25":{"start":{"line":69,"column":4},"end":{"line":153,"column":6}},"26":{"start":{"line":107,"column":16},"end":{"line":107,"column":52}},"27":{"start":{"line":147,"column":31},"end":{"line":147,"column":65}},"28":{"start":{"line":157,"column":24},"end":{"line":162,"column":2}},"29":{"start":{"line":157,"column":36},"end":{"line":162,"column":1}},"30":{"start":{"line":164,"column":0},"end":{"line":167,"column":13}}},"fnMap":{"0":{"name":"(anonymous_0)","decl":{"start":{"line":17,"column":2},"end":{"line":17,"column":3}},"loc":{"start":{"line":17,"column":22},"end":{"line":29,"column":3}},"line":17},"1":{"name":"(anonymous_1)","decl":{"start":{"line":31,"column":17},"end":{"line":31,"column":18}},"loc":{"start":{"line":31,"column":33},"end":{"line":37,"column":3}},"line":31},"2":{"name":"(anonymous_2)","decl":{"start":{"line":39,"column":17},"end":{"line":39,"column":18}},"loc":{"start":{"line":39,"column":44},"end":{"line":53,"column":3}},"line":39},"3":{"name":"(anonymous_3)","decl":{"start":{"line":45,"column":37},"end":{"line":45,"column":38}},"loc":{"start":{"line":45,"column":50},"end":{"line":50,"column":5}},"line":45},"4":{"name":"(anonymous_4)","decl":{"start":{"line":55,"column":18},"end":{"line":55,"column":19}},"loc":{"start":{"line":55,"column":24},"end":{"line":61,"column":3}},"line":55},"5":{"name":"(anonymous_5)","decl":{"start":{"line":63,"column":2},"end":{"line":63,"column":3}},"loc":{"start":{"line":63,"column":11},"end":{"line":154,"column":3}},"line":63},"6":{"name":"(anonymous_6)","decl":{"start":{"line":67,"column":60},"end":{"line":67,"column":61}},"loc":{"start":{"line":67,"column":67},"end":{"line":67,"column":79}},"line":67},"7":{"name":"(anonymous_7)","decl":{"start":{"line":106,"column":32},"end":{"line":106,"column":33}},"loc":{"start":{"line":107,"column":16},"end":{"line":107,"column":52}},"line":107},"8":{"name":"(anonymous_8)","decl":{"start":{"line":147,"column":20},"end":{"line":147,"column":21}},"loc":{"start":{"line":147,"column":31},"end":{"line":147,"column":65}},"line":147},"9":{"name":"(anonymous_9)","decl":{"start":{"line":157,"column":24},"end":{"line":157,"column":25}},"loc":{"start":{"line":157,"column":36},"end":{"line":162,"column":1}},"line":157}},"branchMap":{"0":{"loc":{"start":{"line":46,"column":6},"end":{"line":48,"column":7}},"type":"if","locations":[{"start":{"line":46,"column":6},"end":{"line":48,"column":7}},{"start":{},"end":{}}],"line":46},"1":{"loc":{"start":{"line":60,"column":13},"end":{"line":60,"column":47}},"type":"binary-expr","locations":[{"start":{"line":60,"column":13},"end":{"line":60,"column":25}},{"start":{"line":60,"column":29},"end":{"line":60,"column":47}}],"line":60}},"s":{"0":2,"1":2,"2":2,"3":2,"4":13,"5":13,"6":2,"7":1,"8":1,"9":1,"10":1,"11":2,"12":1,"13":1,"14":1,"15":2,"16":17,"17":17,"18":17,"19":17,"20":17,"21":17,"22":17,"23":17,"24":240,"25":17,"26":225,"27":1,"28":4,"29":2,"30":4},"f":{"0":2,"1":13,"2":1,"3":2,"4":17,"5":17,"6":240,"7":225,"8":1,"9":2},"b":{"0":[1,1],"1":[17,15]},"_coverageSchema":"1a1c01bbd47fc00a2c39e90264f33305004495a9","hash":"5ec102625b35302e60f4f9125f374d6d2105a0da"}
,"/Users/lucasalves/Documents/Trybe/Projetos Front-end/sd-031-a-project-trybewallet/src/components/Header.js": {"path":"/Users/lucasalves/Documents/Trybe/Projetos Front-end/sd-031-a-project-trybewallet/src/components/Header.js","statementMap":{"0":{"start":{"line":6,"column":10},"end":{"line":8,"column":3}},"1":{"start":{"line":11,"column":25},"end":{"line":11,"column":35}},"2":{"start":{"line":12,"column":4},"end":{"line":14,"column":5}},"3":{"start":{"line":13,"column":6},"end":{"line":13,"column":27}},"4":{"start":{"line":17,"column":18},"end":{"line":44,"column":3}},"5":{"start":{"line":18,"column":25},"end":{"line":18,"column":35}},"6":{"start":{"line":19,"column":23},"end":{"line":19,"column":31}},"7":{"start":{"line":21,"column":4},"end":{"line":25,"column":5}},"8":{"start":{"line":23,"column":6},"end":{"line":23,"column":42}},"9":{"start":{"line":24,"column":6},"end":{"line":24,"column":13}},"10":{"start":{"line":27,"column":17},"end":{"line":31,"column":5}},"11":{"start":{"line":28,"column":38},"end":{"line":28,"column":48}},"12":{"start":{"line":29,"column":35},"end":{"line":29,"column":42}},"13":{"start":{"line":30,"column":33},"end":{"line":30,"column":64}},"14":{"start":{"line":33,"column":14},"end":{"line":33,"column":15}},"15":{"start":{"line":35,"column":4},"end":{"line":39,"column":5}},"16":{"start":{"line":35,"column":21},"end":{"line":35,"column":22}},"17":{"start":{"line":36,"column":23},"end":{"line":36,"column":52}},"18":{"start":{"line":37,"column":21},"end":{"line":37,"column":48}},"19":{"start":{"line":38,"column":6},"end":{"line":38,"column":31}},"20":{"start":{"line":41,"column":4},"end":{"line":41,"column":25}},"21":{"start":{"line":43,"column":4},"end":{"line":43,"column":45}},"22":{"start":{"line":47,"column":22},"end":{"line":47,"column":32}},"23":{"start":{"line":48,"column":25},"end":{"line":48,"column":35}},"24":{"start":{"line":50,"column":4},"end":{"line":66,"column":6}},"25":{"start":{"line":70,"column":24},"end":{"line":73,"column":2}},"26":{"start":{"line":70,"column":36},"end":{"line":73,"column":1}},"27":{"start":{"line":75,"column":0},"end":{"line":102,"column":2}}},"fnMap":{"0":{"name":"(anonymous_0)","decl":{"start":{"line":10,"column":2},"end":{"line":10,"column":3}},"loc":{"start":{"line":10,"column":32},"end":{"line":15,"column":3}},"line":10},"1":{"name":"(anonymous_1)","decl":{"start":{"line":17,"column":18},"end":{"line":17,"column":19}},"loc":{"start":{"line":17,"column":24},"end":{"line":44,"column":3}},"line":17},"2":{"name":"(anonymous_2)","decl":{"start":{"line":28,"column":31},"end":{"line":28,"column":32}},"loc":{"start":{"line":28,"column":38},"end":{"line":28,"column":48}},"line":28},"3":{"name":"(anonymous_3)","decl":{"start":{"line":29,"column":28},"end":{"line":29,"column":29}},"loc":{"start":{"line":29,"column":35},"end":{"line":29,"column":42}},"line":29},"4":{"name":"(anonymous_4)","decl":{"start":{"line":30,"column":26},"end":{"line":30,"column":27}},"loc":{"start":{"line":30,"column":33},"end":{"line":30,"column":64}},"line":30},"5":{"name":"(anonymous_5)","decl":{"start":{"line":46,"column":2},"end":{"line":46,"column":3}},"loc":{"start":{"line":46,"column":11},"end":{"line":67,"column":3}},"line":46},"6":{"name":"(anonymous_6)","decl":{"start":{"line":70,"column":24},"end":{"line":70,"column":25}},"loc":{"start":{"line":70,"column":36},"end":{"line":73,"column":1}},"line":70}},"branchMap":{"0":{"loc":{"start":{"line":12,"column":4},"end":{"line":14,"column":5}},"type":"if","locations":[{"start":{"line":12,"column":4},"end":{"line":14,"column":5}},{"start":{},"end":{}}],"line":12},"1":{"loc":{"start":{"line":21,"column":4},"end":{"line":25,"column":5}},"type":"if","locations":[{"start":{"line":21,"column":4},"end":{"line":25,"column":5}},{"start":{},"end":{}}],"line":21}},"s":{"0":6,"1":4,"2":4,"3":2,"4":6,"5":2,"6":2,"7":2,"8":0,"9":0,"10":2,"11":3,"12":3,"13":3,"14":2,"15":2,"16":2,"17":3,"18":3,"19":3,"20":2,"21":2,"22":10,"23":10,"24":10,"25":3,"26":13,"27":3},"f":{"0":4,"1":2,"2":3,"3":3,"4":3,"5":10,"6":13},"b":{"0":[2,2],"1":[0,2]},"_coverageSchema":"1a1c01bbd47fc00a2c39e90264f33305004495a9","hash":"34c977002971ea18948fb5eaa26e6b877ede0b85"}
,"/Users/lucasalves/Documents/Trybe/Projetos Front-end/sd-031-a-project-trybewallet/src/components/Table.js": {"path":"/Users/lucasalves/Documents/Trybe/Projetos Front-end/sd-031-a-project-trybewallet/src/components/Table.js","statementMap":{"0":{"start":{"line":9,"column":17},"end":{"line":12,"column":3}},"1":{"start":{"line":10,"column":21},"end":{"line":10,"column":32}},"2":{"start":{"line":11,"column":4},"end":{"line":11,"column":31}},"3":{"start":{"line":14,"column":16},"end":{"line":17,"column":3}},"4":{"start":{"line":15,"column":19},"end":{"line":15,"column":30}},"5":{"start":{"line":16,"column":4},"end":{"line":16,"column":29}},"6":{"start":{"line":19,"column":17},"end":{"line":26,"column":3}},"7":{"start":{"line":20,"column":25},"end":{"line":20,"column":35}},"8":{"start":{"line":22,"column":23},"end":{"line":22,"column":43}},"9":{"start":{"line":23,"column":29},"end":{"line":23,"column":64}},"10":{"start":{"line":25,"column":4},"end":{"line":25,"column":46}},"11":{"start":{"line":28,"column":15},"end":{"line":35,"column":3}},"12":{"start":{"line":29,"column":25},"end":{"line":29,"column":35}},"13":{"start":{"line":31,"column":23},"end":{"line":31,"column":43}},"14":{"start":{"line":32,"column":29},"end":{"line":32,"column":64}},"15":{"start":{"line":34,"column":4},"end":{"line":34,"column":45}},"16":{"start":{"line":38,"column":25},"end":{"line":38,"column":35}},"17":{"start":{"line":40,"column":4},"end":{"line":94,"column":6}},"18":{"start":{"line":57,"column":12},"end":{"line":90,"column":17}},"19":{"start":{"line":74,"column":39},"end":{"line":74,"column":61}},"20":{"start":{"line":82,"column":39},"end":{"line":82,"column":63}},"21":{"start":{"line":98,"column":24},"end":{"line":100,"column":2}},"22":{"start":{"line":98,"column":36},"end":{"line":100,"column":1}},"23":{"start":{"line":102,"column":0},"end":{"line":129,"column":2}}},"fnMap":{"0":{"name":"(anonymous_0)","decl":{"start":{"line":9,"column":17},"end":{"line":9,"column":18}},"loc":{"start":{"line":9,"column":33},"end":{"line":12,"column":3}},"line":9},"1":{"name":"(anonymous_1)","decl":{"start":{"line":14,"column":16},"end":{"line":14,"column":17}},"loc":{"start":{"line":14,"column":25},"end":{"line":17,"column":3}},"line":14},"2":{"name":"(anonymous_2)","decl":{"start":{"line":19,"column":17},"end":{"line":19,"column":18}},"loc":{"start":{"line":19,"column":33},"end":{"line":26,"column":3}},"line":19},"3":{"name":"(anonymous_3)","decl":{"start":{"line":28,"column":15},"end":{"line":28,"column":16}},"loc":{"start":{"line":28,"column":31},"end":{"line":35,"column":3}},"line":28},"4":{"name":"(anonymous_4)","decl":{"start":{"line":37,"column":2},"end":{"line":37,"column":3}},"loc":{"start":{"line":37,"column":11},"end":{"line":95,"column":3}},"line":37},"5":{"name":"(anonymous_5)","decl":{"start":{"line":56,"column":48},"end":{"line":56,"column":49}},"loc":{"start":{"line":57,"column":12},"end":{"line":90,"column":17}},"line":57},"6":{"name":"(anonymous_6)","decl":{"start":{"line":74,"column":28},"end":{"line":74,"column":29}},"loc":{"start":{"line":74,"column":39},"end":{"line":74,"column":61}},"line":74},"7":{"name":"(anonymous_7)","decl":{"start":{"line":82,"column":28},"end":{"line":82,"column":29}},"loc":{"start":{"line":82,"column":39},"end":{"line":82,"column":63}},"line":82},"8":{"name":"(anonymous_8)","decl":{"start":{"line":98,"column":24},"end":{"line":98,"column":25}},"loc":{"start":{"line":98,"column":36},"end":{"line":100,"column":1}},"line":98}},"branchMap":{"0":{"loc":{"start":{"line":56,"column":12},"end":{"line":91,"column":12}},"type":"binary-expr","locations":[{"start":{"line":56,"column":12},"end":{"line":56,"column":31}},{"start":{"line":56,"column":35},"end":{"line":91,"column":12}}],"line":56}},"s":{"0":9,"1":8,"2":8,"3":9,"4":16,"5":16,"6":9,"7":0,"8":0,"9":0,"10":0,"11":9,"12":2,"13":2,"14":2,"15":2,"16":12,"17":12,"18":8,"19":2,"20":0,"21":4,"22":20,"23":4},"f":{"0":8,"1":16,"2":0,"3":2,"4":12,"5":8,"6":2,"7":0,"8":20},"b":{"0":[12,5]},"_coverageSchema":"1a1c01bbd47fc00a2c39e90264f33305004495a9","hash":"456af5cc2d1b10360debc9c7b0527e1bff47b257"}
,"/Users/lucasalves/Documents/Trybe/Projetos Front-end/sd-031-a-project-trybewallet/src/components/WalletForm.js": {"path":"/Users/lucasalves/Documents/Trybe/Projetos Front-end/sd-031-a-project-trybewallet/src/components/WalletForm.js","statementMap":{"0":{"start":{"line":10,"column":23},"end":{"line":10,"column":33}},"1":{"start":{"line":12,"column":4},"end":{"line":17,"column":6}},"2":{"start":{"line":21,"column":24},"end":{"line":24,"column":2}},"3":{"start":{"line":21,"column":36},"end":{"line":24,"column":1}},"4":{"start":{"line":26,"column":0},"end":{"line":29,"column":13}}},"fnMap":{"0":{"name":"(anonymous_0)","decl":{"start":{"line":9,"column":2},"end":{"line":9,"column":3}},"loc":{"start":{"line":9,"column":11},"end":{"line":18,"column":3}},"line":9},"1":{"name":"(anonymous_1)","decl":{"start":{"line":21,"column":24},"end":{"line":21,"column":25}},"loc":{"start":{"line":21,"column":36},"end":{"line":24,"column":1}},"line":21}},"branchMap":{"0":{"loc":{"start":{"line":14,"column":10},"end":{"line":14,"column":60}},"type":"cond-expr","locations":[{"start":{"line":14,"column":20},"end":{"line":14,"column":38}},{"start":{"line":14,"column":41},"end":{"line":14,"column":60}}],"line":14}},"s":{"0":18,"1":18,"2":4,"3":20,"4":4},"f":{"0":18,"1":20},"b":{"0":[16,2]},"_coverageSchema":"1a1c01bbd47fc00a2c39e90264f33305004495a9","hash":"91e0ba2d55f95db6980bfe224d9bf7867b7dc53f"}
,"/Users/lucasalves/Documents/Trybe/Projetos Front-end/sd-031-a-project-trybewallet/src/pages/Login.js": {"path":"/Users/lucasalves/Documents/Trybe/Projetos Front-end/sd-031-a-project-trybewallet/src/pages/Login.js","statementMap":{"0":{"start":{"line":8,"column":10},"end":{"line":11,"column":3}},"1":{"start":{"line":13,"column":22},"end":{"line":27,"column":3}},"2":{"start":{"line":15,"column":4},"end":{"line":15,"column":33}},"3":{"start":{"line":18,"column":25},"end":{"line":18,"column":87}},"4":{"start":{"line":20,"column":4},"end":{"line":24,"column":5}},"5":{"start":{"line":21,"column":6},"end":{"line":23,"column":9}},"6":{"start":{"line":26,"column":4},"end":{"line":26,"column":25}},"7":{"start":{"line":29,"column":22},"end":{"line":42,"column":3}},"8":{"start":{"line":30,"column":22},"end":{"line":30,"column":23}},"9":{"start":{"line":33,"column":4},"end":{"line":33,"column":33}},"10":{"start":{"line":35,"column":4},"end":{"line":39,"column":5}},"11":{"start":{"line":36,"column":6},"end":{"line":38,"column":9}},"12":{"start":{"line":41,"column":4},"end":{"line":41,"column":25}},"13":{"start":{"line":44,"column":18},"end":{"line":50,"column":3}},"14":{"start":{"line":45,"column":29},"end":{"line":45,"column":39}},"15":{"start":{"line":46,"column":25},"end":{"line":46,"column":41}},"16":{"start":{"line":47,"column":25},"end":{"line":47,"column":41}},"17":{"start":{"line":49,"column":4},"end":{"line":49,"column":43}},"18":{"start":{"line":53,"column":22},"end":{"line":53,"column":32}},"19":{"start":{"line":54,"column":25},"end":{"line":54,"column":35}},"20":{"start":{"line":56,"column":4},"end":{"line":86,"column":6}},"21":{"start":{"line":80,"column":28},"end":{"line":80,"column":53}},"22":{"start":{"line":90,"column":0},"end":{"line":92,"column":2}}},"fnMap":{"0":{"name":"(anonymous_0)","decl":{"start":{"line":13,"column":22},"end":{"line":13,"column":23}},"loc":{"start":{"line":13,"column":49},"end":{"line":27,"column":3}},"line":13},"1":{"name":"(anonymous_1)","decl":{"start":{"line":29,"column":22},"end":{"line":29,"column":23}},"loc":{"start":{"line":29,"column":49},"end":{"line":42,"column":3}},"line":29},"2":{"name":"(anonymous_2)","decl":{"start":{"line":44,"column":18},"end":{"line":44,"column":19}},"loc":{"start":{"line":44,"column":24},"end":{"line":50,"column":3}},"line":44},"3":{"name":"(anonymous_3)","decl":{"start":{"line":52,"column":2},"end":{"line":52,"column":3}},"loc":{"start":{"line":52,"column":11},"end":{"line":87,"column":3}},"line":52},"4":{"name":"(anonymous_4)","decl":{"start":{"line":80,"column":22},"end":{"line":80,"column":23}},"loc":{"start":{"line":80,"column":28},"end":{"line":80,"column":53}},"line":80}},"branchMap":{"0":{"loc":{"start":{"line":20,"column":4},"end":{"line":24,"column":5}},"type":"if","locations":[{"start":{"line":20,"column":4},"end":{"line":24,"column":5}},{"start":{},"end":{}}],"line":20},"1":{"loc":{"start":{"line":35,"column":4},"end":{"line":39,"column":5}},"type":"if","locations":[{"start":{"line":35,"column":4},"end":{"line":39,"column":5}},{"start":{},"end":{}}],"line":35},"2":{"loc":{"start":{"line":49,"column":13},"end":{"line":49,"column":41}},"type":"binary-expr","locations":[{"start":{"line":49,"column":13},"end":{"line":49,"column":25}},{"start":{"line":49,"column":29},"end":{"line":49,"column":41}}],"line":49}},"s":{"0":3,"1":3,"2":30,"3":30,"4":30,"5":4,"6":30,"7":3,"8":12,"9":12,"10":12,"11":2,"12":12,"13":3,"14":87,"15":87,"16":87,"17":87,"18":45,"19":45,"20":45,"21":1,"22":3},"f":{"0":30,"1":12,"2":87,"3":45,"4":1},"b":{"0":[4,26],"1":[2,10],"2":[87,30]},"_coverageSchema":"1a1c01bbd47fc00a2c39e90264f33305004495a9","hash":"cbc39bcfb3c4f3e17306dffed9cdf5e432a20a35"}
,"/Users/lucasalves/Documents/Trybe/Projetos Front-end/sd-031-a-project-trybewallet/src/pages/Wallet.js": {"path":"/Users/lucasalves/Documents/Trybe/Projetos Front-end/sd-031-a-project-trybewallet/src/pages/Wallet.js","statementMap":{"0":{"start":{"line":8,"column":4},"end":{"line":13,"column":6}}},"fnMap":{"0":{"name":"(anonymous_0)","decl":{"start":{"line":7,"column":2},"end":{"line":7,"column":3}},"loc":{"start":{"line":7,"column":11},"end":{"line":14,"column":3}},"line":7}},"branchMap":{},"s":{"0":6},"f":{"0":6},"b":{},"_coverageSchema":"1a1c01bbd47fc00a2c39e90264f33305004495a9","hash":"227c81f8981d287cbdc74ed6a48be4cef947ed6e"}
,"/Users/lucasalves/Documents/Trybe/Projetos Front-end/sd-031-a-project-trybewallet/src/redux/actions/index.js": {"path":"/Users/lucasalves/Documents/Trybe/Projetos Front-end/sd-031-a-project-trybewallet/src/redux/actions/index.js","statementMap":{"0":{"start":{"line":2,"column":25},"end":{"line":2,"column":36}},"1":{"start":{"line":3,"column":26},"end":{"line":3,"column":38}},"2":{"start":{"line":4,"column":34},"end":{"line":4,"column":54}},"3":{"start":{"line":5,"column":42},"end":{"line":5,"column":70}},"4":{"start":{"line":6,"column":27},"end":{"line":6,"column":40}},"5":{"start":{"line":8,"column":30},"end":{"line":8,"column":46}},"6":{"start":{"line":10,"column":30},"end":{"line":10,"column":46}},"7":{"start":{"line":11,"column":29},"end":{"line":11,"column":44}},"8":{"start":{"line":13,"column":24},"end":{"line":16,"column":2}},"9":{"start":{"line":13,"column":36},"end":{"line":16,"column":1}},"10":{"start":{"line":23,"column":40},"end":{"line":25,"column":2}},"11":{"start":{"line":23,"column":47},"end":{"line":25,"column":1}},"12":{"start":{"line":27,"column":33},"end":{"line":30,"column":2}},"13":{"start":{"line":27,"column":50},"end":{"line":30,"column":1}},"14":{"start":{"line":32,"column":26},"end":{"line":35,"column":2}},"15":{"start":{"line":32,"column":40},"end":{"line":35,"column":1}},"16":{"start":{"line":43,"column":2},"end":{"line":48,"column":4}},"17":{"start":{"line":44,"column":4},"end":{"line":44,"column":41}},"18":{"start":{"line":45,"column":4},"end":{"line":47,"column":69}},"19":{"start":{"line":46,"column":26},"end":{"line":46,"column":41}},"20":{"start":{"line":47,"column":28},"end":{"line":47,"column":67}},"21":{"start":{"line":67,"column":29},"end":{"line":70,"column":2}},"22":{"start":{"line":67,"column":52},"end":{"line":70,"column":1}},"23":{"start":{"line":72,"column":28},"end":{"line":75,"column":2}},"24":{"start":{"line":72,"column":43},"end":{"line":75,"column":1}},"25":{"start":{"line":77,"column":28},"end":{"line":80,"column":2}},"26":{"start":{"line":77,"column":46},"end":{"line":80,"column":1}}},"fnMap":{"0":{"name":"(anonymous_0)","decl":{"start":{"line":13,"column":24},"end":{"line":13,"column":25}},"loc":{"start":{"line":13,"column":36},"end":{"line":16,"column":1}},"line":13},"1":{"name":"(anonymous_1)","decl":{"start":{"line":23,"column":40},"end":{"line":23,"column":41}},"loc":{"start":{"line":23,"column":47},"end":{"line":25,"column":1}},"line":23},"2":{"name":"(anonymous_2)","decl":{"start":{"line":27,"column":33},"end":{"line":27,"column":34}},"loc":{"start":{"line":27,"column":50},"end":{"line":30,"column":1}},"line":27},"3":{"name":"(anonymous_3)","decl":{"start":{"line":32,"column":26},"end":{"line":32,"column":27}},"loc":{"start":{"line":32,"column":40},"end":{"line":35,"column":1}},"line":32},"4":{"name":"fetchCurrencies","decl":{"start":{"line":42,"column":16},"end":{"line":42,"column":31}},"loc":{"start":{"line":42,"column":34},"end":{"line":49,"column":1}},"line":42},"5":{"name":"(anonymous_5)","decl":{"start":{"line":43,"column":9},"end":{"line":43,"column":10}},"loc":{"start":{"line":43,"column":23},"end":{"line":48,"column":3}},"line":43},"6":{"name":"(anonymous_6)","decl":{"start":{"line":46,"column":12},"end":{"line":46,"column":13}},"loc":{"start":{"line":46,"column":26},"end":{"line":46,"column":41}},"line":46},"7":{"name":"(anonymous_7)","decl":{"start":{"line":47,"column":12},"end":{"line":47,"column":13}},"loc":{"start":{"line":47,"column":28},"end":{"line":47,"column":67}},"line":47},"8":{"name":"(anonymous_8)","decl":{"start":{"line":67,"column":29},"end":{"line":67,"column":30}},"loc":{"start":{"line":67,"column":52},"end":{"line":70,"column":1}},"line":67},"9":{"name":"(anonymous_9)","decl":{"start":{"line":72,"column":28},"end":{"line":72,"column":29}},"loc":{"start":{"line":72,"column":43},"end":{"line":75,"column":1}},"line":72},"10":{"name":"(anonymous_10)","decl":{"start":{"line":77,"column":28},"end":{"line":77,"column":29}},"loc":{"start":{"line":77,"column":46},"end":{"line":80,"column":1}},"line":77}},"branchMap":{},"s":{"0":4,"1":4,"2":4,"3":4,"4":4,"5":4,"6":4,"7":4,"8":4,"9":1,"10":4,"11":10,"12":4,"13":6,"14":4,"15":2,"16":10,"17":10,"18":10,"19":6,"20":6,"21":4,"22":0,"23":4,"24":2,"25":4,"26":1},"f":{"0":1,"1":10,"2":6,"3":2,"4":10,"5":10,"6":6,"7":6,"8":0,"9":2,"10":1},"b":{},"_coverageSchema":"1a1c01bbd47fc00a2c39e90264f33305004495a9","hash":"afe4d08cbb17aa07673dad355632683f7b0738b9"}
,"/Users/lucasalves/Documents/Trybe/Projetos Front-end/sd-031-a-project-trybewallet/src/redux/reducers/index.js": {"path":"/Users/lucasalves/Documents/Trybe/Projetos Front-end/sd-031-a-project-trybewallet/src/redux/reducers/index.js","statementMap":{"0":{"start":{"line":10,"column":20},"end":{"line":10,"column":53}}},"fnMap":{},"branchMap":{},"s":{"0":4},"f":{},"b":{},"_coverageSchema":"1a1c01bbd47fc00a2c39e90264f33305004495a9","hash":"3921c659b770944fd9c19f8aac5107d8a95686a1"}
,"/Users/lucasalves/Documents/Trybe/Projetos Front-end/sd-031-a-project-trybewallet/src/redux/reducers/user.js": {"path":"/Users/lucasalves/Documents/Trybe/Projetos Front-end/sd-031-a-project-trybewallet/src/redux/reducers/user.js","statementMap":{"0":{"start":{"line":5,"column":22},"end":{"line":7,"column":1}},"1":{"start":{"line":9,"column":21},"end":{"line":18,"column":1}},"2":{"start":{"line":10,"column":2},"end":{"line":17,"column":3}},"3":{"start":{"line":12,"column":4},"end":{"line":15,"column":6}},"4":{"start":{"line":16,"column":11},"end":{"line":16,"column":24}}},"fnMap":{"0":{"name":"(anonymous_0)","decl":{"start":{"line":9,"column":21},"end":{"line":9,"column":22}},"loc":{"start":{"line":9,"column":56},"end":{"line":18,"column":1}},"line":9}},"branchMap":{"0":{"loc":{"start":{"line":9,"column":22},"end":{"line":9,"column":43}},"type":"default-arg","locations":[{"start":{"line":9,"column":30},"end":{"line":9,"column":43}}],"line":9},"1":{"loc":{"start":{"line":10,"column":2},"end":{"line":17,"column":3}},"type":"switch","locations":[{"start":{"line":11,"column":2},"end":{"line":15,"column":6}},{"start":{"line":16,"column":2},"end":{"line":16,"column":24}}],"line":10}},"s":{"0":4,"1":4,"2":41,"3":1,"4":40},"f":{"0":41},"b":{"0":[14],"1":[1,40]},"_coverageSchema":"1a1c01bbd47fc00a2c39e90264f33305004495a9","hash":"56653a3bea2a3a9cb34029600bf5f54916465817"}
,"/Users/lucasalves/Documents/Trybe/Projetos Front-end/sd-031-a-project-trybewallet/src/redux/reducers/wallet.js": {"path":"/Users/lucasalves/Documents/Trybe/Projetos Front-end/sd-031-a-project-trybewallet/src/redux/reducers/wallet.js","statementMap":{"0":{"start":{"line":7,"column":22},"end":{"line":12,"column":1}},"1":{"start":{"line":14,"column":22},"end":{"line":50,"column":1}},"2":{"start":{"line":15,"column":2},"end":{"line":49,"column":3}},"3":{"start":{"line":17,"column":4},"end":{"line":21,"column":6}},"4":{"start":{"line":19,"column":65},"end":{"line":19,"column":79}},"5":{"start":{"line":23,"column":4},"end":{"line":29,"column":6}},"6":{"start":{"line":31,"column":4},"end":{"line":34,"column":6}},"7":{"start":{"line":33,"column":47},"end":{"line":33,"column":79}},"8":{"start":{"line":36,"column":4},"end":{"line":40,"column":6}},"9":{"start":{"line":42,"column":4},"end":{"line":46,"column":6}},"10":{"start":{"line":48,"column":4},"end":{"line":48,"column":17}}},"fnMap":{"0":{"name":"(anonymous_0)","decl":{"start":{"line":14,"column":22},"end":{"line":14,"column":23}},"loc":{"start":{"line":14,"column":57},"end":{"line":50,"column":1}},"line":14},"1":{"name":"(anonymous_1)","decl":{"start":{"line":19,"column":56},"end":{"line":19,"column":57}},"loc":{"start":{"line":19,"column":65},"end":{"line":19,"column":79}},"line":19},"2":{"name":"(anonymous_2)","decl":{"start":{"line":33,"column":40},"end":{"line":33,"column":41}},"loc":{"start":{"line":33,"column":47},"end":{"line":33,"column":79}},"line":33}},"branchMap":{"0":{"loc":{"start":{"line":14,"column":23},"end":{"line":14,"column":44}},"type":"default-arg","locations":[{"start":{"line":14,"column":31},"end":{"line":14,"column":44}}],"line":14},"1":{"loc":{"start":{"line":15,"column":2},"end":{"line":49,"column":3}},"type":"switch","locations":[{"start":{"line":16,"column":2},"end":{"line":21,"column":6}},{"start":{"line":22,"column":2},"end":{"line":29,"column":6}},{"start":{"line":30,"column":2},"end":{"line":34,"column":6}},{"start":{"line":35,"column":2},"end":{"line":40,"column":6}},{"start":{"line":41,"column":2},"end":{"line":46,"column":6}},{"start":{"line":47,"column":2},"end":{"line":48,"column":17}}],"line":15}},"s":{"0":4,"1":4,"2":41,"3":6,"4":96,"5":2,"6":0,"7":0,"8":2,"9":1,"10":30},"f":{"0":41,"1":96,"2":0},"b":{"0":[14],"1":[6,2,0,2,1,30]},"_coverageSchema":"1a1c01bbd47fc00a2c39e90264f33305004495a9","hash":"749522ec6a00662d92d9238407e9b7b63dcabc54"}
}
