TN:
SF:src/App.js
FN:12,(anonymous_0)
FNF:1
FNH:1
FNDA:8,(anonymous_0)
DA:13,8
LF:1
LH:1
BRF:0
BRH:0
end_of_record
TN:
SF:src/components/AddExpenseForm.js
FN:16,(anonymous_0)
FN:21,(anonymous_1)
FN:29,(anonymous_2)
FN:36,(anonymous_3)
FN:67,(anonymous_4)
FN:76,(anonymous_5)
FN:118,(anonymous_6)
FN:160,(anonymous_7)
FN:170,(anonymous_8)
FNF:9
FNH:9
FNDA:10,(anonymous_0)
FNDA:20,(anonymous_1)
FNDA:2,(anonymous_2)
FNDA:2,(anonymous_3)
FNDA:37,(anonymous_4)
FNDA:37,(anonymous_5)
FNDA:105,(anonymous_6)
FNDA:2,(anonymous_7)
FNDA:18,(anonymous_8)
DA:7,10
DA:17,10
DA:18,10
DA:21,10
DA:22,20
DA:24,20
DA:29,10
DA:30,2
DA:31,2
DA:33,2
DA:36,10
DA:37,2
DA:39,2
DA:43,2
DA:45,2
DA:57,2
DA:67,10
DA:68,37
DA:69,37
DA:70,37
DA:71,37
DA:73,37
DA:77,37
DA:78,37
DA:80,37
DA:119,105
DA:160,2
DA:170,18
DA:175,4
LF:29
LH:29
BRDA:73,0,0,37
BRDA:73,0,1,22
BRDA:116,1,0,7
BRDA:116,1,1,30
BRF:4
BRH:4
end_of_record
TN:
SF:src/components/EditExpenseForm.js
FN:17,(anonymous_0)
FN:31,(anonymous_1)
FN:39,(anonymous_2)
FN:45,(anonymous_3)
FN:55,(anonymous_4)
FN:63,(anonymous_5)
FN:67,(anonymous_6)
FN:106,(anonymous_7)
FN:147,(anonymous_8)
FN:157,(anonymous_9)
FNF:10
FNH:10
FNDA:2,(anonymous_0)
FNDA:13,(anonymous_1)
FNDA:1,(anonymous_2)
FNDA:2,(anonymous_3)
FNDA:17,(anonymous_4)
FNDA:17,(anonymous_5)
FNDA:240,(anonymous_6)
FNDA:225,(anonymous_7)
FNDA:1,(anonymous_8)
FNDA:2,(anonymous_9)
DA:7,2
DA:18,2
DA:20,2
DA:31,2
DA:32,13
DA:34,13
DA:39,2
DA:40,1
DA:42,1
DA:43,1
DA:45,1
DA:46,2
DA:47,1
DA:49,1
DA:52,1
DA:55,2
DA:56,17
DA:57,17
DA:58,17
DA:59,17
DA:60,17
DA:64,17
DA:65,17
DA:67,240
DA:69,17
DA:107,225
DA:147,1
DA:157,4
DA:164,4
LF:29
LH:29
BRDA:46,0,0,1
BRDA:46,0,1,1
BRDA:60,1,0,17
BRDA:60,1,1,15
BRF:4
BRH:4
end_of_record
TN:
SF:src/components/Header.js
FN:10,(anonymous_0)
FN:17,(anonymous_1)
FN:28,(anonymous_2)
FN:29,(anonymous_3)
FN:30,(anonymous_4)
FN:46,(anonymous_5)
FN:70,(anonymous_6)
FNF:7
FNH:7
FNDA:4,(anonymous_0)
FNDA:2,(anonymous_1)
FNDA:3,(anonymous_2)
FNDA:3,(anonymous_3)
FNDA:3,(anonymous_4)
FNDA:10,(anonymous_5)
FNDA:13,(anonymous_6)
DA:6,6
DA:11,4
DA:12,4
DA:13,2
DA:17,6
DA:18,2
DA:19,2
DA:21,2
DA:23,0
DA:24,0
DA:27,2
DA:28,3
DA:29,3
DA:30,3
DA:33,2
DA:35,2
DA:36,3
DA:37,3
DA:38,3
DA:41,2
DA:43,2
DA:47,10
DA:48,10
DA:50,10
DA:70,13
DA:75,3
LF:26
LH:24
BRDA:12,0,0,2
BRDA:12,0,1,2
BRDA:21,1,0,0
BRDA:21,1,1,2
BRF:4
BRH:3
end_of_record
TN:
SF:src/components/Table.js
FN:9,(anonymous_0)
FN:14,(anonymous_1)
FN:19,(anonymous_2)
FN:28,(anonymous_3)
FN:37,(anonymous_4)
FN:56,(anonymous_5)
FN:74,(anonymous_6)
FN:82,(anonymous_7)
FN:98,(anonymous_8)
FNF:9
FNH:7
FNDA:8,(anonymous_0)
FNDA:16,(anonymous_1)
FNDA:0,(anonymous_2)
FNDA:2,(anonymous_3)
FNDA:12,(anonymous_4)
FNDA:8,(anonymous_5)
FNDA:2,(anonymous_6)
FNDA:0,(anonymous_7)
FNDA:20,(anonymous_8)
DA:9,9
DA:10,8
DA:11,8
DA:14,9
DA:15,16
DA:16,16
DA:19,9
DA:20,0
DA:22,0
DA:23,0
DA:25,0
DA:28,9
DA:29,2
DA:31,2
DA:32,2
DA:34,2
DA:38,12
DA:40,12
DA:57,8
DA:74,2
DA:82,0
DA:98,20
DA:102,4
LF:23
LH:18
BRDA:56,0,0,12
BRDA:56,0,1,5
BRF:2
BRH:2
end_of_record
TN:
SF:src/components/WalletForm.js
FN:9,(anonymous_0)
FN:21,(anonymous_1)
FNF:2
FNH:2
FNDA:18,(anonymous_0)
FNDA:20,(anonymous_1)
DA:10,18
DA:12,18
DA:21,20
DA:26,4
LF:4
LH:4
BRDA:14,0,0,16
BRDA:14,0,1,2
BRF:2
BRH:2
end_of_record
TN:
SF:src/pages/Login.js
FN:13,(anonymous_0)
FN:29,(anonymous_1)
FN:44,(anonymous_2)
FN:52,(anonymous_3)
FN:80,(anonymous_4)
FNF:5
FNH:5
FNDA:30,(anonymous_0)
FNDA:12,(anonymous_1)
FNDA:87,(anonymous_2)
FNDA:45,(anonymous_3)
FNDA:1,(anonymous_4)
DA:8,3
DA:13,3
DA:15,30
DA:18,30
DA:20,30
DA:21,4
DA:26,30
DA:29,3
DA:30,12
DA:33,12
DA:35,12
DA:36,2
DA:41,12
DA:44,3
DA:45,87
DA:46,87
DA:47,87
DA:49,87
DA:53,45
DA:54,45
DA:56,45
DA:80,1
DA:90,3
LF:23
LH:23
BRDA:20,0,0,4
BRDA:20,0,1,26
BRDA:35,1,0,2
BRDA:35,1,1,10
BRDA:49,2,0,87
BRDA:49,2,1,30
BRF:6
BRH:6
end_of_record
TN:
SF:src/pages/Wallet.js
FN:7,(anonymous_0)
FNF:1
FNH:1
FNDA:6,(anonymous_0)
DA:8,6
LF:1
LH:1
BRF:0
BRH:0
end_of_record
TN:
SF:src/redux/actions/index.js
FN:13,(anonymous_0)
FN:23,(anonymous_1)
FN:27,(anonymous_2)
FN:32,(anonymous_3)
FN:42,fetchCurrencies
FN:43,(anonymous_5)
FN:46,(anonymous_6)
FN:47,(anonymous_7)
FN:67,(anonymous_8)
FN:72,(anonymous_9)
FN:77,(anonymous_10)
FNF:11
FNH:10
FNDA:1,(anonymous_0)
FNDA:10,(anonymous_1)
FNDA:6,(anonymous_2)
FNDA:2,(anonymous_3)
FNDA:10,fetchCurrencies
FNDA:10,(anonymous_5)
FNDA:6,(anonymous_6)
FNDA:6,(anonymous_7)
FNDA:0,(anonymous_8)
FNDA:2,(anonymous_9)
FNDA:1,(anonymous_10)
DA:2,4
DA:3,4
DA:4,4
DA:5,4
DA:6,4
DA:8,4
DA:10,4
DA:11,4
DA:13,4
DA:23,10
DA:27,6
DA:32,4
DA:43,10
DA:44,10
DA:45,10
DA:46,6
DA:47,6
DA:67,4
DA:72,4
DA:77,4
LF:20
LH:20
BRF:0
BRH:0
end_of_record
TN:
SF:src/redux/reducers/index.js
FNF:0
FNH:0
DA:10,4
LF:1
LH:1
BRF:0
BRH:0
end_of_record
TN:
SF:src/redux/reducers/user.js
FN:9,(anonymous_0)
FNF:1
FNH:1
FNDA:41,(anonymous_0)
DA:5,4
DA:9,4
DA:10,41
DA:12,1
DA:16,40
LF:5
LH:5
BRDA:9,0,0,14
BRDA:10,1,0,1
BRDA:10,1,1,40
BRF:3
BRH:3
end_of_record
TN:
SF:src/redux/reducers/wallet.js
FN:14,(anonymous_0)
FN:19,(anonymous_1)
FN:33,(anonymous_2)
FNF:3
FNH:2
FNDA:41,(anonymous_0)
FNDA:96,(anonymous_1)
FNDA:0,(anonymous_2)
DA:7,4
DA:14,4
DA:15,41
DA:17,6
DA:19,96
DA:23,2
DA:31,0
DA:33,0
DA:36,2
DA:42,1
DA:48,30
LF:11
LH:9
BRDA:14,0,0,14
BRDA:15,1,0,6
BRDA:15,1,1,2
BRDA:15,1,2,0
BRDA:15,1,3,2
BRDA:15,1,4,1
BRDA:15,1,5,30
BRF:7
BRH:6
end_of_record
